<?xml version="1.0" encoding="UTF-8"?>
<!-- Generated by org.testng.reporters.JUnitReportReporter -->
<testsuite hostname="IN-ygharpur-w1" name="firstPackage.FirstClass" tests="1" failures="0" timestamp="11 Mar 2017 15:33:09 GMT" time="0.011" errors="0">
  <testcase name="testMethod1" time="0.011" classname="firstPackage.FirstClass"/>
</testsuite> <!-- firstPackage.FirstClass -->
